18:40:28.819 [main] DEBUG io.github.bonigarcia.wdm.WebDriverManager - Using WebDriverManager 5.8.0
18:40:29.655 [main] DEBUG io.github.bonigarcia.wdm.cache.ResolutionCache - Resolution chrome=126 in cache (valid until 19:14:44 24/06/2024 IST)
18:40:29.657 [main] DEBUG io.github.bonigarcia.wdm.cache.ResolutionCache - Resolution chrome126=126.0.6478.63 in cache (valid until 10:27:11 25/06/2024 IST)
18:40:29.659 [main] INFO  io.github.bonigarcia.wdm.WebDriverManager - Using chromedriver 126.0.6478.63 (resolved driver for Chrome 126)
18:40:29.946 [main] DEBUG io.github.bonigarcia.wdm.WebDriverManager - Driver chromedriver 126.0.6478.63 found in cache
18:40:29.957 [main] INFO  io.github.bonigarcia.wdm.WebDriverManager - Exporting webdriver.chrome.driver as C:\Users\RTALLARI\.cache\selenium\chromedriver\win64\126.0.6478.63\chromedriver.exe
18:40:35.082 [main] INFO  testCases.TC_001_LoginTest - **** Starting TC_001_LoginTest ****
18:40:36.050 [main] INFO  testCases.TC_001_LoginTest - Clicked on Login
18:40:36.050 [main] INFO  testCases.TC_001_LoginTest - Validating expected message
18:40:36.115 [main] INFO  testCases.TC_001_LoginTest - **** Finished TC_001_LoginTest ****
18:40:36.135 [main] DEBUG io.github.bonigarcia.wdm.WebDriverManager - Using WebDriverManager 5.8.0
18:40:36.170 [main] DEBUG io.github.bonigarcia.wdm.cache.ResolutionCache - Resolution chrome=126 in cache (valid until 19:14:44 24/06/2024 IST)
18:40:36.172 [main] DEBUG io.github.bonigarcia.wdm.cache.ResolutionCache - Resolution chrome126=126.0.6478.63 in cache (valid until 10:27:11 25/06/2024 IST)
18:40:36.172 [main] INFO  io.github.bonigarcia.wdm.WebDriverManager - Using chromedriver 126.0.6478.63 (resolved driver for Chrome 126)
18:40:36.450 [main] DEBUG io.github.bonigarcia.wdm.WebDriverManager - Driver chromedriver 126.0.6478.63 found in cache
18:40:36.456 [main] INFO  io.github.bonigarcia.wdm.WebDriverManager - Exporting webdriver.chrome.driver as C:\Users\RTALLARI\.cache\selenium\chromedriver\win64\126.0.6478.63\chromedriver.exe
18:40:41.226 [main] INFO  testCases.TC_002_ProductsTest - *** Starting TC_002_ProductsTest ***
18:43:08.391 [main] DEBUG org.testng.TestNG - suiteXmlPath: "C:\Windows\System32\config\systemprofile\eclipse-workspace\HybridFramework2\master.xml"
18:43:08.933 [main] INFO  org.testng.internal.Utils - [TestNG] Running:
  C:\Windows\System32\config\systemprofile\eclipse-workspace\HybridFramework2\master.xml

18:43:09.026 [main] DEBUG io.github.bonigarcia.wdm.WebDriverManager - Using WebDriverManager 5.8.0
18:43:09.724 [main] DEBUG io.github.bonigarcia.wdm.cache.ResolutionCache - Resolution chrome=126 in cache (valid until 19:14:44 24/06/2024 IST)
18:43:09.727 [main] DEBUG io.github.bonigarcia.wdm.cache.ResolutionCache - Resolution chrome126=126.0.6478.63 in cache (valid until 10:27:11 25/06/2024 IST)
18:43:09.727 [main] INFO  io.github.bonigarcia.wdm.WebDriverManager - Using chromedriver 126.0.6478.63 (resolved driver for Chrome 126)
18:43:09.985 [main] DEBUG io.github.bonigarcia.wdm.WebDriverManager - Driver chromedriver 126.0.6478.63 found in cache
18:43:09.987 [main] INFO  io.github.bonigarcia.wdm.WebDriverManager - Exporting webdriver.chrome.driver as C:\Users\RTALLARI\.cache\selenium\chromedriver\win64\126.0.6478.63\chromedriver.exe
18:43:15.158 [main] INFO  testCases.TC_001_LoginTest - **** Starting TC_001_LoginTest ****
18:43:16.007 [main] INFO  testCases.TC_001_LoginTest - Clicked on Login
18:43:16.007 [main] INFO  testCases.TC_001_LoginTest - Validating expected message
18:43:16.090 [main] INFO  testCases.TC_001_LoginTest - **** Finished TC_001_LoginTest ****
18:43:16.099 [main] INFO  testCases.TC_001_LoginTest - *** Starting TC_002_ProductsTest ***
18:43:16.164 [main] INFO  testCases.TC_001_LoginTest - *** finished TC_002_ProductsTest ***
18:44:06.965 [main] DEBUG org.testng.TestNG - suiteXmlPath: "C:\Windows\System32\config\systemprofile\eclipse-workspace\HybridFramework2\master.xml"
18:44:07.555 [main] INFO  org.testng.internal.Utils - [TestNG] Running:
  C:\Windows\System32\config\systemprofile\eclipse-workspace\HybridFramework2\master.xml

18:44:07.645 [main] DEBUG io.github.bonigarcia.wdm.WebDriverManager - Using WebDriverManager 5.8.0
18:44:08.400 [main] DEBUG io.github.bonigarcia.wdm.cache.ResolutionCache - Resolution chrome=126 in cache (valid until 19:14:44 24/06/2024 IST)
18:44:08.402 [main] DEBUG io.github.bonigarcia.wdm.cache.ResolutionCache - Resolution chrome126=126.0.6478.63 in cache (valid until 10:27:11 25/06/2024 IST)
18:44:08.404 [main] INFO  io.github.bonigarcia.wdm.WebDriverManager - Using chromedriver 126.0.6478.63 (resolved driver for Chrome 126)
18:44:08.685 [main] DEBUG io.github.bonigarcia.wdm.WebDriverManager - Driver chromedriver 126.0.6478.63 found in cache
18:44:08.687 [main] INFO  io.github.bonigarcia.wdm.WebDriverManager - Exporting webdriver.chrome.driver as C:\Users\RTALLARI\.cache\selenium\chromedriver\win64\126.0.6478.63\chromedriver.exe
18:44:13.549 [main] INFO  testCases.TC_001_LoginTest - **** Starting TC_001_LoginTest ****
